<<<<<<< HEAD
"22:02:23 [JavaFX Application Thread] INFO  application.Main - User logged out.
=======
"21:53:14 [JavaFX Application Thread] INFO  application.Main - Successful retrieval of the key
""21:53:27 [JavaFX Application Thread] INFO  application.Main - Successful retrieval of the key
""21:53:37 [JavaFX Application Thread] INFO  application.Main - Successful retrieval of the key
""21:53:42 [JavaFX Application Thread] INFO  application.Main - User logged out.
""21:55:56 [main] INFO  application.Main - Uruchamianie aplikacji
""21:56:06 [JavaFX Application Thread] DEBUG application.Main - Successful loading UserData
""21:56:06 [JavaFX Application Thread] INFO  application.Main - Successful login for user: test
""21:56:13 [JavaFX Application Thread] INFO  application.Main - Successful retrieval of the key
""21:56:37 [JavaFX Application Thread] INFO  application.Main - User logged out.
""21:56:59 [main] INFO  application.Main - Uruchamianie aplikacji
""21:57:03 [JavaFX Application Thread] DEBUG application.Main - Successful loading UserData
""21:57:03 [JavaFX Application Thread] INFO  application.Main - Successful login for user: test
""21:57:10 [JavaFX Application Thread] INFO  application.Main - Successful retrieval of the key
""21:57:27 [JavaFX Application Thread] INFO  application.Main - User logged out.
""22:07:05 [main] INFO  application.Main - Uruchamianie aplikacji
""22:07:10 [JavaFX Application Thread] DEBUG application.Main - Successful loading UserData
""22:07:10 [JavaFX Application Thread] INFO  application.Main - Successful login for user: test
""22:07:17 [JavaFX Application Thread] INFO  application.Main - Successful retrieval of the key
""22:07:24 [JavaFX Application Thread] INFO  application.Main - User logged out.
""22:12:08 [main] INFO  application.Main - Uruchamianie aplikacji
""22:12:14 [JavaFX Application Thread] DEBUG application.Main - Successful loading UserData
""22:12:14 [JavaFX Application Thread] INFO  application.Main - Successful login for user: test
""22:12:20 [JavaFX Application Thread] INFO  application.Main - Successful retrieval of the key
""22:12:47 [JavaFX Application Thread] INFO  application.Main - User logged out.
>>>>>>> 8d5a16dfa3e742fa216e6a38166b49bc8e25317a
""22:10:33 [main] INFO  application.Main - Uruchamianie aplikacji
""22:10:37 [JavaFX Application Thread] DEBUG application.Main - Successful loading UserData
""22:10:37 [JavaFX Application Thread] INFO  application.Main - Successful login for user: admin
""22:10:42 [JavaFX Application Thread] INFO  application.Main - Successful retrieval of the key
""22:10:42 [JavaFX Application Thread] ERROR application.Main - Unhandled exception
" java.lang.RuntimeException: java.lang.reflect.InvocationTargetException
	at javafx.fxml/javafx.fxml.FXMLLoader$MethodHandler.invoke(FXMLLoader.java:1858) ~[javafx-fxml-21.0.1-win.jar:?]
	at javafx.fxml/javafx.fxml.FXMLLoader$ControllerMethodEventHandler.handle(FXMLLoader.java:1726) ~[javafx-fxml-21.0.1-win.jar:?]
	at javafx.base/com.sun.javafx.event.CompositeEventHandler.dispatchBubblingEvent(CompositeEventHandler.java:86) ~[javafx-base-21.0.1-win.jar:?]
	at javafx.base/com.sun.javafx.event.EventHandlerManager.dispatchBubblingEvent(EventHandlerManager.java:232) ~[javafx-base-21.0.1-win.jar:?]
	at javafx.base/com.sun.javafx.event.EventHandlerManager.dispatchBubblingEvent(EventHandlerManager.java:189) ~[javafx-base-21.0.1-win.jar:?]
	at javafx.base/com.sun.javafx.event.CompositeEventDispatcher.dispatchBubblingEvent(CompositeEventDispatcher.java:59) ~[javafx-base-21.0.1-win.jar:?]
	at javafx.base/com.sun.javafx.event.BasicEventDispatcher.dispatchEvent(BasicEventDispatcher.java:58) ~[javafx-base-21.0.1-win.jar:?]
	at javafx.base/com.sun.javafx.event.EventDispatchChainImpl.dispatchEvent(EventDispatchChainImpl.java:114) ~[javafx-base-21.0.1-win.jar:?]
	at javafx.base/com.sun.javafx.event.BasicEventDispatcher.dispatchEvent(BasicEventDispatcher.java:56) ~[javafx-base-21.0.1-win.jar:?]
	at javafx.base/com.sun.javafx.event.EventDispatchChainImpl.dispatchEvent(EventDispatchChainImpl.java:114) ~[javafx-base-21.0.1-win.jar:?]
	at javafx.base/com.sun.javafx.event.BasicEventDispatcher.dispatchEvent(BasicEventDispatcher.java:56) ~[javafx-base-21.0.1-win.jar:?]
	at javafx.base/com.sun.javafx.event.EventDispatchChainImpl.dispatchEvent(EventDispatchChainImpl.java:114) ~[javafx-base-21.0.1-win.jar:?]
	at javafx.base/com.sun.javafx.event.EventUtil.fireEventImpl(EventUtil.java:74) ~[javafx-base-21.0.1-win.jar:?]
	at javafx.base/com.sun.javafx.event.EventUtil.fireEvent(EventUtil.java:49) ~[javafx-base-21.0.1-win.jar:?]
	at javafx.base/javafx.event.Event.fireEvent(Event.java:198) ~[javafx-base-21.0.1-win.jar:?]
	at javafx.graphics/javafx.scene.Node.fireEvent(Node.java:8875) ~[javafx-graphics-21.0.1-win.jar:?]
	at javafx.controls/javafx.scene.control.Button.fire(Button.java:203) ~[javafx-controls-21.0.1-win.jar:?]
	at javafx.controls/com.sun.javafx.scene.control.behavior.ButtonBehavior.mouseReleased(ButtonBehavior.java:207) ~[javafx-controls-21.0.1-win.jar:?]
	at javafx.controls/com.sun.javafx.scene.control.inputmap.InputMap.handle(InputMap.java:274) ~[javafx-controls-21.0.1-win.jar:?]
	at javafx.base/com.sun.javafx.event.CompositeEventHandler$NormalEventHandlerRecord.handleBubblingEvent(CompositeEventHandler.java:247) ~[javafx-base-21.0.1-win.jar:?]
	at javafx.base/com.sun.javafx.event.CompositeEventHandler.dispatchBubblingEvent(CompositeEventHandler.java:80) ~[javafx-base-21.0.1-win.jar:?]
	at javafx.base/com.sun.javafx.event.EventHandlerManager.dispatchBubblingEvent(EventHandlerManager.java:232) ~[javafx-base-21.0.1-win.jar:?]
	at javafx.base/com.sun.javafx.event.EventHandlerManager.dispatchBubblingEvent(EventHandlerManager.java:189) ~[javafx-base-21.0.1-win.jar:?]
	at javafx.base/com.sun.javafx.event.CompositeEventDispatcher.dispatchBubblingEvent(CompositeEventDispatcher.java:59) ~[javafx-base-21.0.1-win.jar:?]
	at javafx.base/com.sun.javafx.event.BasicEventDispatcher.dispatchEvent(BasicEventDispatcher.java:58) ~[javafx-base-21.0.1-win.jar:?]
	at javafx.base/com.sun.javafx.event.EventDispatchChainImpl.dispatchEvent(EventDispatchChainImpl.java:114) ~[javafx-base-21.0.1-win.jar:?]
	at javafx.base/com.sun.javafx.event.BasicEventDispatcher.dispatchEvent(BasicEventDispatcher.java:56) ~[javafx-base-21.0.1-win.jar:?]
	at javafx.base/com.sun.javafx.event.EventDispatchChainImpl.dispatchEvent(EventDispatchChainImpl.java:114) ~[javafx-base-21.0.1-win.jar:?]
	at javafx.base/com.sun.javafx.event.BasicEventDispatcher.dispatchEvent(BasicEventDispatcher.java:56) ~[javafx-base-21.0.1-win.jar:?]
	at javafx.base/com.sun.javafx.event.EventDispatchChainImpl.dispatchEvent(EventDispatchChainImpl.java:114) ~[javafx-base-21.0.1-win.jar:?]
	at javafx.base/com.sun.javafx.event.EventUtil.fireEventImpl(EventUtil.java:74) ~[javafx-base-21.0.1-win.jar:?]
	at javafx.base/com.sun.javafx.event.EventUtil.fireEvent(EventUtil.java:54) ~[javafx-base-21.0.1-win.jar:?]
	at javafx.base/javafx.event.Event.fireEvent(Event.java:198) ~[javafx-base-21.0.1-win.jar:?]
	at javafx.graphics/javafx.scene.Scene$MouseHandler.process(Scene.java:3984) ~[javafx-graphics-21.0.1-win.jar:?]
	at javafx.graphics/javafx.scene.Scene.processMouseEvent(Scene.java:1890) ~[javafx-graphics-21.0.1-win.jar:?]
	at javafx.graphics/javafx.scene.Scene$ScenePeerListener.mouseEvent(Scene.java:2708) ~[javafx-graphics-21.0.1-win.jar:?]
	at javafx.graphics/com.sun.javafx.tk.quantum.GlassViewEventHandler$MouseEventNotification.run(GlassViewEventHandler.java:411) ~[javafx-graphics-21.0.1-win.jar:?]
	at javafx.graphics/com.sun.javafx.tk.quantum.GlassViewEventHandler$MouseEventNotification.run(GlassViewEventHandler.java:301) ~[javafx-graphics-21.0.1-win.jar:?]
	at java.base/java.security.AccessController.doPrivileged(AccessController.java:399) ~[?:?]
	at javafx.graphics/com.sun.javafx.tk.quantum.GlassViewEventHandler.lambda$handleMouseEvent$2(GlassViewEventHandler.java:450) ~[javafx-graphics-21.0.1-win.jar:?]
	at javafx.graphics/com.sun.javafx.tk.quantum.QuantumToolkit.runWithoutRenderLock(QuantumToolkit.java:424) ~[javafx-graphics-21.0.1-win.jar:?]
	at javafx.graphics/com.sun.javafx.tk.quantum.GlassViewEventHandler.handleMouseEvent(GlassViewEventHandler.java:449) ~[javafx-graphics-21.0.1-win.jar:?]
	at javafx.graphics/com.sun.glass.ui.View.handleMouseEvent(View.java:551) ~[javafx-graphics-21.0.1-win.jar:?]
	at javafx.graphics/com.sun.glass.ui.View.notifyMouse(View.java:937) ~[javafx-graphics-21.0.1-win.jar:?]
	at javafx.graphics/com.sun.glass.ui.win.WinApplication._runLoop(Native Method) ~[javafx-graphics-21.0.1-win.jar:?]
	at javafx.graphics/com.sun.glass.ui.win.WinApplication.lambda$runLoop$3(WinApplication.java:185) ~[javafx-graphics-21.0.1-win.jar:?]
	at java.base/java.lang.Thread.run(Thread.java:833) [?:?]
Caused by: java.lang.reflect.InvocationTargetException
	at java.base/jdk.internal.reflect.NativeMethodAccessorImpl.invoke0(Native Method) ~[?:?]
	at java.base/jdk.internal.reflect.NativeMethodAccessorImpl.invoke(NativeMethodAccessorImpl.java:77) ~[?:?]
	at java.base/jdk.internal.reflect.DelegatingMethodAccessorImpl.invoke(DelegatingMethodAccessorImpl.java:43) ~[?:?]
	at java.base/java.lang.reflect.Method.invoke(Method.java:568) ~[?:?]
	at com.sun.javafx.reflect.Trampoline.invoke(MethodUtil.java:72) ~[javafx-base-21.0.1-win.jar:?]
	at jdk.internal.reflect.GeneratedMethodAccessor2.invoke(Unknown Source) ~[?:?]
	at java.base/jdk.internal.reflect.DelegatingMethodAccessorImpl.invoke(DelegatingMethodAccessorImpl.java:43) ~[?:?]
	at java.base/java.lang.reflect.Method.invoke(Method.java:568) ~[?:?]
	at javafx.base/com.sun.javafx.reflect.MethodUtil.invoke(MethodUtil.java:270) ~[javafx-base-21.0.1-win.jar:?]
	at javafx.fxml/com.sun.javafx.fxml.MethodHelper.invoke(MethodHelper.java:84) ~[javafx-fxml-21.0.1-win.jar:?]
	at javafx.fxml/javafx.fxml.FXMLLoader$MethodHandler.invoke(FXMLLoader.java:1853) ~[javafx-fxml-21.0.1-win.jar:?]
	... 46 more
Caused by: java.lang.Error: Unresolved compilation problems: 
	forecast cannot be resolved
	forecast cannot be resolved
	forecast cannot be resolved
	forecast cannot be resolved
	forecast cannot be resolved
	forecast cannot be resolved
	Syntax error on tokens, delete these tokens
	forecast cannot be resolved
	Syntax error on tokens, Expression expected instead
	Syntax error on tokens, delete these tokens

	at AccuWeatherAppi/application.ControllerDisplayingResults.display(ControllerDisplayingResults.java:157) ~[classes/:?]
	at AccuWeatherAppi/application.ControllerChoosingCity.changeScene(ControllerChoosingCity.java:137) ~[classes/:?]
	at AccuWeatherAppi/application.ControllerChoosingCity.submit(ControllerChoosingCity.java:120) ~[classes/:?]
	at java.base/jdk.internal.reflect.NativeMethodAccessorImpl.invoke0(Native Method) ~[?:?]
	at java.base/jdk.internal.reflect.NativeMethodAccessorImpl.invoke(NativeMethodAccessorImpl.java:77) ~[?:?]
	at java.base/jdk.internal.reflect.DelegatingMethodAccessorImpl.invoke(DelegatingMethodAccessorImpl.java:43) ~[?:?]
	at java.base/java.lang.reflect.Method.invoke(Method.java:568) ~[?:?]
	at com.sun.javafx.reflect.Trampoline.invoke(MethodUtil.java:72) ~[javafx-base-21.0.1-win.jar:?]
	at jdk.internal.reflect.GeneratedMethodAccessor2.invoke(Unknown Source) ~[?:?]
	at java.base/jdk.internal.reflect.DelegatingMethodAccessorImpl.invoke(DelegatingMethodAccessorImpl.java:43) ~[?:?]
	at java.base/java.lang.reflect.Method.invoke(Method.java:568) ~[?:?]
	at javafx.base/com.sun.javafx.reflect.MethodUtil.invoke(MethodUtil.java:270) ~[javafx-base-21.0.1-win.jar:?]
	at javafx.fxml/com.sun.javafx.fxml.MethodHelper.invoke(MethodHelper.java:84) ~[javafx-fxml-21.0.1-win.jar:?]
	at javafx.fxml/javafx.fxml.FXMLLoader$MethodHandler.invoke(FXMLLoader.java:1853) ~[javafx-fxml-21.0.1-win.jar:?]
	... 46 more
