"19:06:39 [JavaFX Application Thread] DEBUG application.Main - Successful loading UserData
""19:06:39 [JavaFX Application Thread] INFO  application.Main - Successful login for user: admin
""19:06:46 [JavaFX Application Thread] INFO  application.Main - User logged out.
""19:07:33 [main] INFO  application.Main - Uruchamianie aplikacji
""19:07:36 [JavaFX Application Thread] DEBUG application.Main - Successful loading UserData
""19:07:36 [JavaFX Application Thread] INFO  application.Main - Successful login for user: admin
""19:07:42 [JavaFX Application Thread] INFO  application.Main - Successful retrieval of the key
""19:07:42 [JavaFX Application Thread] ERROR application.Main - User did not chose any option
""19:07:46 [JavaFX Application Thread] INFO  application.Main - Successful retrieval of the key
""19:07:48 [JavaFX Application Thread] INFO  application.Main - User logged out.
""19:26:01 [main] INFO  application.Main - Uruchamianie aplikacji
""19:26:05 [JavaFX Application Thread] DEBUG application.Main - Successful loading UserData
""19:26:05 [JavaFX Application Thread] INFO  application.Main - Successful login for user: admin
""19:26:10 [JavaFX Application Thread] INFO  application.Main - Successful retrieval of the key
""19:26:13 [JavaFX Application Thread] INFO  application.Main - User logged out.
""19:26:16 [main] INFO  application.Main - Uruchamianie aplikacji
""19:26:20 [JavaFX Application Thread] DEBUG application.Main - Successful loading UserData
""19:26:20 [JavaFX Application Thread] INFO  application.Main - Successful login for user: admin
""19:26:26 [JavaFX Application Thread] INFO  application.Main - Successful retrieval of the key
""19:26:31 [JavaFX Application Thread] INFO  application.Main - User logged out.
""11:44:12 [main] INFO  application.Main - Uruchamianie aplikacji
""11:44:18 [JavaFX Application Thread] DEBUG application.Main - Successful loading UserData
""11:44:18 [JavaFX Application Thread] INFO  application.Main - Successful login for user: test
""11:44:27 [JavaFX Application Thread] INFO  application.Main - Successful retrieval of the key
""11:44:36 [JavaFX Application Thread] INFO  application.Main - User logged out.
""11:44:39 [main] INFO  application.Main - Uruchamianie aplikacji
""11:44:45 [JavaFX Application Thread] DEBUG application.Main - Successful loading UserData
""11:44:45 [JavaFX Application Thread] INFO  application.Main - Successful login for user: test
""11:44:54 [JavaFX Application Thread] INFO  application.Main - Successful retrieval of the key
""11:45:06 [JavaFX Application Thread] INFO  application.Main - User logged out.
""11:50:51 [main] INFO  application.Main - Uruchamianie aplikacji
""11:50:55 [JavaFX Application Thread] DEBUG application.Main - Successful loading UserData
""11:50:55 [JavaFX Application Thread] INFO  application.Main - Successful login for user: test
""11:51:01 [JavaFX Application Thread] INFO  application.Main - Successful retrieval of the key
""11:51:12 [JavaFX Application Thread] INFO  application.Main - User logged out.
"