"09:38:14 [JavaFX Application Thread] DEBUG application.Main - Successful loading UserData
""09:38:14 [JavaFX Application Thread] INFO  application.Main - Successful login for user: admin
""09:38:28 [JavaFX Application Thread] INFO  application.Main - Successful retrieval of the key
""09:38:28 [JavaFX Application Thread] ERROR application.Main - User did not chose any option
""09:38:37 [JavaFX Application Thread] INFO  application.Main - Successful retrieval of the key
""09:39:07 [JavaFX Application Thread] INFO  application.Main - Successful retrieval of the key
""09:39:47 [JavaFX Application Thread] INFO  application.Main - Successful retrieval of the key
""09:40:13 [JavaFX Application Thread] INFO  application.Main - Successful retrieval of the key
""09:40:24 [JavaFX Application Thread] INFO  application.Main - User logged out.
""15:39:06 [main] INFO  application.Main - Uruchamianie aplikacji
""15:40:25 [JavaFX Application Thread] DEBUG application.Main - Successful loading UserData
""15:40:25 [JavaFX Application Thread] INFO  application.Main - Successful registration
""15:40:26 [JavaFX Application Thread] INFO  application.Main - User tata registered successfully.
""15:41:02 [JavaFX Application Thread] INFO  application.Main - Successful retrieval of the key
""15:42:13 [JavaFX Application Thread] INFO  application.Main - Successful retrieval of the key
""15:42:40 [JavaFX Application Thread] INFO  application.Main - User logged out.
""15:42:50 [main] INFO  application.Main - Uruchamianie aplikacji
""15:43:15 [JavaFX Application Thread] DEBUG application.Main - Successful loading UserData
""15:43:15 [JavaFX Application Thread] WARN  application.Main - Failed login attempt for user: tata
""15:43:30 [JavaFX Application Thread] DEBUG application.Main - Successful loading UserData
""15:43:30 [JavaFX Application Thread] WARN  application.Main - Usersername tata is already taken.
""15:43:42 [JavaFX Application Thread] DEBUG application.Main - Successful loading UserData
""15:43:42 [JavaFX Application Thread] INFO  application.Main - Successful login for user: tata
""15:44:02 [JavaFX Application Thread] INFO  application.Main - Successful retrieval of the key
""15:46:30 [JavaFX Application Thread] INFO  application.Main - User logged out.
"