"19:30:06 [JavaFX Application Thread] INFO  application.Main - Successful login
""19:30:18 [JavaFX Application Thread] INFO  application.Main - Successful retrieval of the key
""19:30:51 [JavaFX Application Thread] INFO  application.Main - Successfull logout
""19:35:36 [JavaFX Application Thread] DEBUG application.Main - Successful loading UserData
""19:35:36 [JavaFX Application Thread] INFO  application.Main - Successful login
""19:35:46 [JavaFX Application Thread] INFO  application.Main - Successful retrieval of the key
""11:03:55 [JavaFX Application Thread] DEBUG application.Main - Successful loading UserData
""11:03:55 [JavaFX Application Thread] INFO  application.Main - Successful login
""11:04:08 [JavaFX Application Thread] INFO  application.Main - Successful retrieval of the key
""11:04:19 [JavaFX Application Thread] INFO  application.Main - Successfull logout
""11:04:38 [JavaFX Application Thread] DEBUG application.Main - Successful loading UserData
""11:04:38 [JavaFX Application Thread] INFO  application.Main - Successful login
""11:04:45 [JavaFX Application Thread] INFO  application.Main - Successful retrieval of the key
""11:04:52 [JavaFX Application Thread] INFO  application.Main - Successfull logout
""11:07:46 [JavaFX Application Thread] DEBUG application.Main - Successful loading UserData
""11:07:46 [JavaFX Application Thread] INFO  application.Main - Successful login
""11:07:52 [JavaFX Application Thread] INFO  application.Main - Successful retrieval of the key
""11:08:01 [JavaFX Application Thread] INFO  application.Main - Successfull logout
""11:10:49 [JavaFX Application Thread] DEBUG application.Main - Successful loading UserData
""11:10:49 [JavaFX Application Thread] INFO  application.Main - Successful login
""11:10:58 [JavaFX Application Thread] INFO  application.Main - Successful retrieval of the key
""11:11:10 [JavaFX Application Thread] INFO  application.Main - Successfull logout
""11:12:13 [JavaFX Application Thread] DEBUG application.Main - Successful loading UserData
"