"15:28:16 [JavaFX Application Thread] INFO  application.Main - Successfull logout
""15:29:21 [JavaFX Application Thread] INFO  application.Main - Successfull logout
""15:30:50 [JavaFX Application Thread] INFO  application.Main - Successfull logout
""15:31:03 [JavaFX Application Thread] DEBUG application.Main - Unsuccessful retrieval of the key
""15:31:08 [JavaFX Application Thread] INFO  application.Main - Successfull logout
""15:34:10 [JavaFX Application Thread] DEBUG application.Main - Unsuccessful retrieval of the key
""15:34:16 [JavaFX Application Thread] INFO  application.Main - Successfull logout
""15:35:02 [JavaFX Application Thread] DEBUG application.Main - Unsuccessful retrieval of the key
""15:35:06 [JavaFX Application Thread] INFO  application.Main - Successfull logout
""15:41:35 [JavaFX Application Thread] INFO  application.Main - Successful retrieval of the key
""15:41:41 [JavaFX Application Thread] INFO  application.Main - Successfull logout
""15:41:48 [JavaFX Application Thread] DEBUG application.Main - Unsuccessful retrieval of the key
""15:41:56 [JavaFX Application Thread] INFO  application.Main - Successfull logout
""15:52:05 [JavaFX Application Thread] INFO  application.Main - Successfull logout
""15:52:40 [JavaFX Application Thread] INFO  application.Main - Successful retrieval of the key
""15:52:53 [JavaFX Application Thread] INFO  application.Main - Successfull logout
""15:54:09 [JavaFX Application Thread] DEBUG application.Main - Unsuccessful retrieval of the key
""15:54:19 [JavaFX Application Thread] INFO  application.Main - Successful retrieval of the key
""15:54:27 [JavaFX Application Thread] INFO  application.Main - Successfull logout
""15:56:23 [JavaFX Application Thread] DEBUG application.Main - Unsuccessful retrieval of the key
""15:56:29 [JavaFX Application Thread] INFO  application.Main - Successfull logout
""15:58:50 [JavaFX Application Thread] INFO  application.Main - Successfull logout
""16:00:00 [JavaFX Application Thread] INFO  application.Main - Successfull logout
"