"15:47:13 [main] INFO  application.Main - Uruchamianie aplikacji
""15:47:21 [JavaFX Application Thread] DEBUG application.Main - Successful loading UserData
""15:47:21 [JavaFX Application Thread] WARN  application.Main - Failed login attempt for user: admin
""15:47:25 [JavaFX Application Thread] DEBUG application.Main - Successful loading UserData
""15:47:25 [JavaFX Application Thread] INFO  application.Main - Successful login for user: admin
""15:47:31 [JavaFX Application Thread] INFO  application.Main - User logged out.
""15:47:38 [main] INFO  application.Main - Uruchamianie aplikacji
""15:47:41 [JavaFX Application Thread] DEBUG application.Main - Successful loading UserData
""15:47:41 [JavaFX Application Thread] WARN  application.Main - Failed login attempt for user: 
""15:47:45 [JavaFX Application Thread] DEBUG application.Main - Successful loading UserData
""15:47:45 [JavaFX Application Thread] INFO  application.Main - Successful login for user: admin
""15:47:49 [JavaFX Application Thread] INFO  application.Main - User logged out.
""15:48:31 [main] INFO  application.Main - Uruchamianie aplikacji
""15:48:33 [JavaFX Application Thread] INFO  application.Main - User logged out.
""15:48:40 [main] INFO  application.Main - Uruchamianie aplikacji
""15:48:45 [JavaFX Application Thread] INFO  application.Main - User logged out.
""15:50:46 [main] INFO  application.Main - Uruchamianie aplikacji
""15:50:50 [JavaFX Application Thread] DEBUG application.Main - Successful loading UserData
""15:50:50 [JavaFX Application Thread] INFO  application.Main - Successful login for user: admin
""15:50:54 [JavaFX Application Thread] INFO  application.Main - User logged out.
""15:50:59 [main] INFO  application.Main - Uruchamianie aplikacji
""15:51:24 [JavaFX Application Thread] INFO  application.Main - User logged out.
""15:51:31 [main] INFO  application.Main - Uruchamianie aplikacji
""15:51:37 [JavaFX Application Thread] INFO  application.Main - User logged out.
""15:53:22 [main] INFO  application.Main - Uruchamianie aplikacji
""15:53:28 [JavaFX Application Thread] INFO  application.Main - User logged out.
""08:06:41 [main] INFO  application.Main - Uruchamianie aplikacji
""08:06:50 [JavaFX Application Thread] INFO  application.Main - User logged out.
""08:06:56 [main] INFO  application.Main - Uruchamianie aplikacji
""08:07:00 [JavaFX Application Thread] DEBUG application.Main - Successful loading UserData
""08:07:00 [JavaFX Application Thread] INFO  application.Main - Successful login for user: admin
""08:07:11 [JavaFX Application Thread] INFO  application.Main - Successful retrieval of the key
""08:07:22 [JavaFX Application Thread] INFO  application.Main - User logged out.
""09:30:15 [main] INFO  application.Main - Uruchamianie aplikacji
""09:30:22 [JavaFX Application Thread] INFO  application.Main - User logged out.
""09:36:43 [main] INFO  application.Main - Uruchamianie aplikacji
""09:36:58 [JavaFX Application Thread] INFO  application.Main - User logged out.
""09:38:03 [main] INFO  application.Main - Uruchamianie aplikacji
"