"12:42:32 [main] INFO  application.Main - Uruchamianie aplikacji
""12:42:36 [JavaFX Application Thread] DEBUG application.Main - Successful loading UserData
""12:42:36 [JavaFX Application Thread] INFO  application.Main - Successful login for user: test
""12:42:44 [JavaFX Application Thread] INFO  application.Main - Successful retrieval of the key
""12:44:47 [main] INFO  application.Main - Uruchamianie aplikacji
""12:44:51 [JavaFX Application Thread] DEBUG application.Main - Successful loading UserData
""12:44:51 [JavaFX Application Thread] INFO  application.Main - Successful login for user: test
""12:45:02 [JavaFX Application Thread] INFO  application.Main - Successful retrieval of the key
""12:45:08 [JavaFX Application Thread] INFO  application.Main - User logged out.
""12:48:37 [main] INFO  application.Main - Uruchamianie aplikacji
""12:48:42 [JavaFX Application Thread] DEBUG application.Main - Successful loading UserData
""12:48:42 [JavaFX Application Thread] INFO  application.Main - Successful login for user: test
""12:48:49 [JavaFX Application Thread] INFO  application.Main - Successful retrieval of the key
""12:48:54 [JavaFX Application Thread] INFO  application.Main - User logged out.
""12:51:22 [main] INFO  application.Main - Uruchamianie aplikacji
""12:51:26 [JavaFX Application Thread] DEBUG application.Main - Successful loading UserData
""12:51:26 [JavaFX Application Thread] INFO  application.Main - Successful login for user: test
""12:51:33 [JavaFX Application Thread] INFO  application.Main - Successful retrieval of the key
""12:51:38 [JavaFX Application Thread] INFO  application.Main - User logged out.
""12:52:19 [main] INFO  application.Main - Uruchamianie aplikacji
""12:52:23 [JavaFX Application Thread] DEBUG application.Main - Successful loading UserData
""12:52:23 [JavaFX Application Thread] INFO  application.Main - Successful login for user: test
""12:52:31 [JavaFX Application Thread] INFO  application.Main - Successful retrieval of the key
""12:52:40 [JavaFX Application Thread] INFO  application.Main - User logged out.
""12:53:31 [JavaFX Application Thread] INFO  application.Main - User logged out.
""11:05:34 [main] INFO  application.Main - Uruchamianie aplikacji
""11:05:38 [JavaFX Application Thread] DEBUG application.Main - Successful loading UserData
""11:05:38 [JavaFX Application Thread] INFO  application.Main - Successful login for user: test
""11:05:48 [JavaFX Application Thread] INFO  application.Main - Successful retrieval of the key
""11:05:55 [JavaFX Application Thread] INFO  application.Main - User logged out.
""11:27:07 [main] INFO  application.Main - Uruchamianie aplikacji
""11:27:11 [JavaFX Application Thread] DEBUG application.Main - Successful loading UserData
""11:27:11 [JavaFX Application Thread] INFO  application.Main - Successful login for user: test
""11:27:18 [JavaFX Application Thread] INFO  application.Main - Successful retrieval of the key
""11:27:23 [JavaFX Application Thread] INFO  application.Main - User logged out.
""11:50:14 [main] INFO  application.Main - Uruchamianie aplikacji
"