"12:05:05 [JavaFX Application Thread] INFO  application.Main - Successfull logout
""12:23:42 [JavaFX Application Thread] DEBUG application.Main - Successful loading UserData
""12:23:42 [JavaFX Application Thread] INFO  application.Main - Successful login
""12:23:49 [JavaFX Application Thread] INFO  application.Main - Successful retrieval of the key
""12:23:52 [JavaFX Application Thread] INFO  application.Main - Successfull logout
""12:26:02 [JavaFX Application Thread] DEBUG application.Main - Successful loading UserData
""12:26:02 [JavaFX Application Thread] INFO  application.Main - Successful login
""12:26:11 [JavaFX Application Thread] INFO  application.Main - Successfull logout
""12:26:53 [JavaFX Application Thread] DEBUG application.Main - Successful loading UserData
""12:26:53 [JavaFX Application Thread] INFO  application.Main - Successful login
""12:27:03 [JavaFX Application Thread] INFO  application.Main - Successfull logout
""12:27:39 [JavaFX Application Thread] DEBUG application.Main - Successful loading UserData
""12:27:39 [JavaFX Application Thread] INFO  application.Main - Successful login
""12:28:23 [JavaFX Application Thread] DEBUG application.Main - Successful loading UserData
""12:28:23 [JavaFX Application Thread] INFO  application.Main - Successful login
""12:29:02 [JavaFX Application Thread] INFO  application.Main - Successfull logout
""12:29:40 [JavaFX Application Thread] DEBUG application.Main - Successful loading UserData
""12:29:40 [JavaFX Application Thread] INFO  application.Main - Successful login
""12:41:23 [JavaFX Application Thread] INFO  application.Main - Successfull logout
""12:44:47 [JavaFX Application Thread] DEBUG application.Main - Successful loading UserData
""12:44:47 [JavaFX Application Thread] INFO  application.Main - Successful login
""12:44:55 [JavaFX Application Thread] INFO  application.Main - Successful retrieval of the key
""12:45:02 [JavaFX Application Thread] INFO  application.Main - Successfull logout
""12:52:05 [JavaFX Application Thread] DEBUG application.Main - Successful loading UserData
"