"17:20:08 [JavaFX Application Thread] INFO  application.Main - Successfull logout
""17:34:37 [JavaFX Application Thread] INFO  application.Main - Successfull logout
""17:49:33 [JavaFX Application Thread] INFO  application.Main - Successful retrieval of the key
""17:49:45 [JavaFX Application Thread] INFO  application.Main - Successfull logout
""18:08:57 [JavaFX Application Thread] INFO  application.Main - Successful retrieval of the key
""18:09:29 [JavaFX Application Thread] INFO  application.Main - Successful retrieval of the key
""18:09:33 [JavaFX Application Thread] INFO  application.Main - Successfull logout
""18:09:36 [JavaFX Application Thread] INFO  application.Main - Successfull logout
""22:08:38 [JavaFX Application Thread] INFO  application.Main - Successful retrieval of the key
""22:08:51 [JavaFX Application Thread] INFO  application.Main - Successfull logout
""22:12:11 [JavaFX Application Thread] INFO  application.Main - Successful retrieval of the key
""22:12:27 [JavaFX Application Thread] INFO  application.Main - Successfull logout
""22:23:35 [JavaFX Application Thread] INFO  application.Main - Successful retrieval of the key
""22:23:40 [JavaFX Application Thread] INFO  application.Main - Successfull logout
""22:31:09 [JavaFX Application Thread] INFO  application.Main - Successful retrieval of the key
""22:31:19 [JavaFX Application Thread] INFO  application.Main - Successfull logout
""22:31:33 [JavaFX Application Thread] INFO  application.Main - Successful retrieval of the key
""22:31:39 [JavaFX Application Thread] INFO  application.Main - Successfull logout
""22:37:23 [JavaFX Application Thread] INFO  application.Main - Successful retrieval of the key
""22:37:35 [JavaFX Application Thread] INFO  application.Main - Successfull logout
""22:37:50 [JavaFX Application Thread] INFO  application.Main - Successful retrieval of the key
""22:37:55 [JavaFX Application Thread] INFO  application.Main - Successfull logout
""22:38:40 [JavaFX Application Thread] DEBUG application.Main - Successful loading UserData
"