"22:26:11 [JavaFX Application Thread] INFO  application.Main - Successfull logout
""22:26:58 [JavaFX Application Thread] INFO  application.Main - Successful registration
""22:27:03 [JavaFX Application Thread] INFO  application.Main - Successfull logout
""22:27:11 [JavaFX Application Thread] INFO  application.Main - Successful login
""22:27:24 [JavaFX Application Thread] INFO  application.Main - Successfull logout
""06:48:22 [JavaFX Application Thread] INFO  application.Main - Successful login
""06:48:37 [JavaFX Application Thread] INFO  application.Main - Successfull logout
""06:49:22 [JavaFX Application Thread] INFO  application.Main - Successful login
""06:49:31 [JavaFX Application Thread] INFO  application.Main - Successfull logout
""06:50:29 [JavaFX Application Thread] INFO  application.Main - Successful login
""06:50:41 [JavaFX Application Thread] INFO  application.Main - Successfull logout
""06:53:13 [JavaFX Application Thread] INFO  application.Main - Successful login
""06:53:29 [JavaFX Application Thread] INFO  application.Main - Successfull logout
""07:15:16 [JavaFX Application Thread] INFO  application.Main - Successful login
""07:15:31 [JavaFX Application Thread] INFO  application.Main - Successfull logout
""07:29:07 [JavaFX Application Thread] INFO  application.Main - Successful login
""07:29:30 [JavaFX Application Thread] INFO  application.Main - Successfull logout
""07:31:02 [JavaFX Application Thread] INFO  application.Main - Successfull logout
""07:31:40 [JavaFX Application Thread] INFO  application.Main - Successfull logout
""07:32:03 [JavaFX Application Thread] INFO  application.Main - Successful login
""07:32:07 [JavaFX Application Thread] INFO  application.Main - Successfull logout
""07:32:29 [JavaFX Application Thread] INFO  application.Main - Successfull logout
""07:33:08 [JavaFX Application Thread] INFO  application.Main - Successfull logout
""07:34:16 [JavaFX Application Thread] INFO  application.Main - Successfull logout
""07:38:23 [JavaFX Application Thread] INFO  application.Main - Successful login
"