"13:46:21 [JavaFX Application Thread] INFO  application.Main - Successful login
""13:46:28 [JavaFX Application Thread] INFO  application.Main - Successful retrieval of the key
""13:53:25 [JavaFX Application Thread] DEBUG application.Main - Successful loading UserData
""13:53:25 [JavaFX Application Thread] INFO  application.Main - Successful login
""13:53:33 [JavaFX Application Thread] INFO  application.Main - Successful retrieval of the key
""13:53:38 [JavaFX Application Thread] INFO  application.Main - Successfull logout
""13:55:25 [JavaFX Application Thread] DEBUG application.Main - Successful loading UserData
""13:55:25 [JavaFX Application Thread] INFO  application.Main - Successful login
""13:55:31 [JavaFX Application Thread] INFO  application.Main - Successful retrieval of the key
""13:55:34 [JavaFX Application Thread] INFO  application.Main - Successfull logout
""13:56:53 [JavaFX Application Thread] DEBUG application.Main - Successful loading UserData
""13:56:53 [JavaFX Application Thread] INFO  application.Main - Successful login
""13:57:01 [JavaFX Application Thread] INFO  application.Main - Successful retrieval of the key
""13:57:04 [JavaFX Application Thread] INFO  application.Main - Successfull logout
""13:57:15 [JavaFX Application Thread] DEBUG application.Main - Successful loading UserData
""13:57:15 [JavaFX Application Thread] INFO  application.Main - Successful login
""13:57:22 [JavaFX Application Thread] INFO  application.Main - Successful retrieval of the key
""13:57:26 [JavaFX Application Thread] INFO  application.Main - Successfull logout
""13:58:49 [JavaFX Application Thread] INFO  application.Main - Successfull logout
""14:00:51 [JavaFX Application Thread] DEBUG application.Main - Successful loading UserData
""14:00:51 [JavaFX Application Thread] INFO  application.Main - Successful login
""14:01:02 [JavaFX Application Thread] INFO  application.Main - Successful retrieval of the key
""14:01:17 [JavaFX Application Thread] INFO  application.Main - Successfull logout
""14:02:19 [JavaFX Application Thread] DEBUG application.Main - Successful loading UserData
"